<?xml version="1.0" encoding="UTF-8"?>
<robot generator="Robot 4.1.2 (Python 3.10.0 on win32)" generated="20220104 10:17:18.364" rpa="false" schemaversion="2">
<suite id="s1" name="3470" source="C:\Users\SouthSystem\Desktop\Automatizados\robot\testes automatizados\tests\3470.robot">
<test id="s1-t1" name="Consulta de Cartas Senhas entregues na agÃªncia">
<kw name="Abrir navegador" library="3470" type="SETUP">
<kw name="Open Browser" library="SeleniumLibrary">
<arg>https://portal-aplicacoes.dev-sicredi.in/</arg>
<arg>google chrome</arg>
<doc>Opens a new browser instance to the optional ``url``.</doc>
<msg timestamp="20220104 10:17:18.634" level="INFO">Opening browser 'google chrome' to base url 'https://portal-aplicacoes.dev-sicredi.in/'.</msg>
<kw name="Capture Page Screenshot" library="SeleniumLibrary">
<doc>Takes a screenshot of the current page and embeds it into a log file.</doc>
<msg timestamp="20220104 10:17:21.669" level="INFO" html="true">&lt;/td&gt;&lt;/tr&gt;&lt;tr&gt;&lt;td colspan="3"&gt;&lt;a href="selenium-screenshot-2.png"&gt;&lt;img src="selenium-screenshot-2.png" width="800px"&gt;&lt;/a&gt;</msg>
<status status="PASS" starttime="20220104 10:17:21.528" endtime="20220104 10:17:21.670"/>
</kw>
<msg timestamp="20220104 10:17:21.685" level="FAIL">WebDriverException: Message: unknown error: net::ERR_NAME_NOT_RESOLVED
  (Session info: chrome=96.0.4664.110)
Stacktrace:
Backtrace:
	Ordinal0 [0x00280C43+2493507]
	Ordinal0 [0x0021A4B1+2073777]
	Ordinal0 [0x00122608+1058312]
	Ordinal0 [0x0011F211+1045009]
	Ordinal0 [0x00115442+1004610]
	Ordinal0 [0x00116042+1007682]
	Ordinal0 [0x0011568A+1005194]
	Ordinal0 [0x00114D48+1002824]
	Ordinal0 [0x00113EDD+999133]
	Ordinal0 [0x00114196+999830]
	Ordinal0 [0x00123BDA+1063898]
	Ordinal0 [0x001755BD+1398205]
	Ordinal0 [0x00165943+1333571]
	Ordinal0 [0x00175038+1396792]
	Ordinal0 [0x0016580B+1333259]
	Ordinal0 [0x00142314+1188628]
	Ordinal0 [0x0014316F+1192303]
	GetHandleVerifier [0x00407BF6+1548950]
	GetHandleVerifier [0x004B461C+2256060]
	GetHandleVerifier [0x0030C13B+518107]
	GetHandleVerifier [0x0030B1E0+514176]
	Ordinal0 [0x0021F53D+2094397]
	Ordinal0 [0x00223418+2110488]
	Ordinal0 [0x00223552+2110802]
	Ordinal0 [0x0022CE81+2150017]
	BaseThreadInitThunk [0x7747FA29+25]
	RtlGetAppContainerNamedObjectPath [0x77CC7A9E+286]
	RtlGetAppContainerNamedObjectPath [0x77CC7A6E+238]
	(No symbol) [0x00000000]
</msg>
<status status="FAIL" starttime="20220104 10:17:18.634" endtime="20220104 10:17:21.685"/>
</kw>
<status status="FAIL" starttime="20220104 10:17:18.634" endtime="20220104 10:17:21.687"/>
</kw>
<kw name="Fechar navegador" library="3470" type="TEARDOWN">
<kw name="Close Browser" library="SeleniumLibrary">
<doc>Closes the current browser.</doc>
<status status="PASS" starttime="20220104 10:17:21.689" endtime="20220104 10:17:23.859"/>
</kw>
<status status="PASS" starttime="20220104 10:17:21.688" endtime="20220104 10:17:23.859"/>
</kw>
<status status="FAIL" starttime="20220104 10:17:18.633" endtime="20220104 10:17:23.860">Setup failed:
WebDriverException: Message: unknown error: net::ERR_NAME_NOT_RESOLVED
  (Session info: chrome=96.0.4664.110)
Stacktrace:
Backtrace:
	Ordinal0 [0x00280C43+2493507]
	Ordinal0 [0x0021A4B1+2073777]
	Ordinal0 [0x00122608+1058312]
	Ordinal0 [0x0011F211+1045009]
	Ordinal0 [0x00115442+1004610]
	Ordinal0 [0x00116042+1007682]
	Ordinal0 [0x0011568A+1005194]
	Ordinal0 [0x00114D48+1002824]
	Ordinal0 [0x00113EDD+999133]
	Ordinal0 [0x00114196+999830]
	Ordinal0 [0x00123BDA+1063898]
	Ordinal0 [0x001755BD+1398205]
	Ordinal0 [0x00165943+1333571]
	Ordinal0 [0x00175038+1396792]
	Ordinal0 [0x0016580B+1333259]
	Ordinal0 [0x00142314+1188628]
	Ordinal0 [0x0014316F+1192303]
	GetHandleVerifier [0x00407BF6+1548950]
	GetHandleVerifier [0x004B461C+2256060]
	GetHandleVerifier [0x0030C13B+518107]
	GetHandleVerifier [0x0030B1E0+514176]
	Ordinal0 [0x0021F53D+2094397]
	Ordinal0 [0x00223418+2110488]
	Ordinal0 [0x00223552+2110802]
	Ordinal0 [0x0022CE81+2150017]
	BaseThreadInitThunk [0x7747FA29+25]
	RtlGetAppContainerNamedObjectPath [0x77CC7A9E+286]
	RtlGetAppContainerNamedObjectPath [0x77CC7A6E+238]
	(No symbol) [0x00000000]
</status>
</test>
<status status="FAIL" starttime="20220104 10:17:18.367" endtime="20220104 10:17:23.866"/>
</suite>
<statistics>
<total>
<stat pass="0" fail="1" skip="0">All Tests</stat>
</total>
<tag>
</tag>
<suite>
<stat pass="0" fail="1" skip="0" id="s1" name="3470">3470</stat>
</suite>
</statistics>
<errors>
</errors>
</robot>
